Content-Type: multipart/alternative;
 boundary="===============0131390334549329129=="
MIME-Version: 1.0
Subject: Profile activation
From: test@example.com
To: emailemail@gmail.com
Date: Fri, 28 May 2021 20:37:45 -0000
Message-ID: <162223426529.10148.516387164633553828@DESKTOP-MDT7QF8>

--===============0131390334549329129==
Content-Type: text/plain; charset="utf-8"
MIME-Version: 1.0
Content-Transfer-Encoding: 7bit



To activate your profile, please follow this link:

http://localhost:49510/accounts/activate/XK7qKCNsewDidf13wlDv/

--===============0131390334549329129==
Content-Type: text/html; charset="utf-8"
MIME-Version: 1.0
Content-Transfer-Encoding: 7bit



<!DOCTYPE html PUBLIC "-//W3C//DTD XHTML 1.0 Transitional//EN"
        "http://www.w3.org/TR/xhtml1/DTD/xhtml1-transitional.dtd">
<html xmlns="http://www.w3.org/1999/xhtml">
<head>
    <meta http-equiv="Content-Type" content="text/html; charset=UTF-8"/>
    <title>Profile activation</title>
    <meta name="viewport" content="width=device-width, initial-scale=1.0"/>
</head>

<body>

<p>
    'Para activar siga este link:'
</p>

<p>
    <a href="http://localhost:49510/accounts/activate/XK7qKCNsewDidf13wlDv/">http://localhost:49510/accounts/activate/XK7qKCNsewDidf13wlDv/</a>
</p>

</body>

</html>

--===============0131390334549329129==--

-------------------------------------------------------------------------------
