Content-Type: multipart/alternative;
 boundary="===============4232280974889716162=="
MIME-Version: 1.0
Subject: Profile activation
From: test@example.com
To: pacornejod@gmail.com
Date: Thu, 27 May 2021 16:11:29 -0000
Message-ID: <162213188987.21492.918906802161905414@DESKTOP-MDT7QF8>

--===============4232280974889716162==
Content-Type: text/plain; charset="utf-8"
MIME-Version: 1.0
Content-Transfer-Encoding: 7bit



To activate your profile, please follow this link:

http://localhost:58902/accounts/activate/soHQSSm7SjUImQjOGfBw/

--===============4232280974889716162==
Content-Type: text/html; charset="utf-8"
MIME-Version: 1.0
Content-Transfer-Encoding: 7bit



<!DOCTYPE html PUBLIC "-//W3C//DTD XHTML 1.0 Transitional//EN"
        "http://www.w3.org/TR/xhtml1/DTD/xhtml1-transitional.dtd">
<html xmlns="http://www.w3.org/1999/xhtml">
<head>
    <meta http-equiv="Content-Type" content="text/html; charset=UTF-8"/>
    <title>Profile activation</title>
    <meta name="viewport" content="width=device-width, initial-scale=1.0"/>
</head>

<body>

<p>
    'Para activar siga este link:'
</p>

<p>
    <a href="http://localhost:58902/accounts/activate/soHQSSm7SjUImQjOGfBw/">http://localhost:58902/accounts/activate/soHQSSm7SjUImQjOGfBw/</a>
</p>

</body>

</html>

--===============4232280974889716162==--

-------------------------------------------------------------------------------
