Content-Type: multipart/alternative;
 boundary="===============3025859909183657112=="
MIME-Version: 1.0
Subject: Profile activation
From: test@example.com
To: mail@gmail.com
Date: Thu, 27 May 2021 22:12:38 -0000
Message-ID: <162215355857.17864.6472468799362202820@DESKTOP-MDT7QF8>

--===============3025859909183657112==
Content-Type: text/plain; charset="utf-8"
MIME-Version: 1.0
Content-Transfer-Encoding: 7bit



To activate your profile, please follow this link:

http://localhost:60365/accounts/activate/e7YFC8bVBe8jKDjPxUC1/

--===============3025859909183657112==
Content-Type: text/html; charset="utf-8"
MIME-Version: 1.0
Content-Transfer-Encoding: 7bit



<!DOCTYPE html PUBLIC "-//W3C//DTD XHTML 1.0 Transitional//EN"
        "http://www.w3.org/TR/xhtml1/DTD/xhtml1-transitional.dtd">
<html xmlns="http://www.w3.org/1999/xhtml">
<head>
    <meta http-equiv="Content-Type" content="text/html; charset=UTF-8"/>
    <title>Profile activation</title>
    <meta name="viewport" content="width=device-width, initial-scale=1.0"/>
</head>

<body>

<p>
    'Para activar siga este link:'
</p>

<p>
    <a href="http://localhost:60365/accounts/activate/e7YFC8bVBe8jKDjPxUC1/">http://localhost:60365/accounts/activate/e7YFC8bVBe8jKDjPxUC1/</a>
</p>

</body>

</html>

--===============3025859909183657112==--

-------------------------------------------------------------------------------
