Content-Type: multipart/alternative;
 boundary="===============8372139296019817200=="
MIME-Version: 1.0
Subject: Profile activation
From: cristhopher.c@yahoo.com
To: cristofopo@me.com
Date: Mon, 31 May 2021 04:41:47 -0000
Message-ID: <162243610730.8076.3492302397990715255@DESKTOP-MDT7QF8>

--===============8372139296019817200==
Content-Type: text/plain; charset="utf-8"
MIME-Version: 1.0
Content-Transfer-Encoding: 7bit



To activate your profile, please follow this link:

http://localhost:64057/accounts/activate/RzVVoclITaIfMOgS7qEk/

--===============8372139296019817200==
Content-Type: text/html; charset="utf-8"
MIME-Version: 1.0
Content-Transfer-Encoding: 7bit



<!DOCTYPE html PUBLIC "-//W3C//DTD XHTML 1.0 Transitional//EN"
        "http://www.w3.org/TR/xhtml1/DTD/xhtml1-transitional.dtd">
<html xmlns="http://www.w3.org/1999/xhtml">
<head>
    <meta http-equiv="Content-Type" content="text/html; charset=UTF-8"/>
    <title>Profile activation</title>
    <meta name="viewport" content="width=device-width, initial-scale=1.0"/>
</head>

<body>

<p>
    'Para activar siga este link:'
</p>

<p>
    <a href="http://localhost:64057/accounts/activate/RzVVoclITaIfMOgS7qEk/">http://localhost:64057/accounts/activate/RzVVoclITaIfMOgS7qEk/</a>
</p>

</body>

</html>

--===============8372139296019817200==--

-------------------------------------------------------------------------------
