Content-Type: multipart/alternative;
 boundary="===============1621283426961708105=="
MIME-Version: 1.0
Subject: Profile activation
From: test@example.com
To: lmao@gmail.com
Date: Thu, 27 May 2021 16:26:24 -0000
Message-ID: <162213278472.14604.14285485540793846694@DESKTOP-MDT7QF8>

--===============1621283426961708105==
Content-Type: text/plain; charset="utf-8"
MIME-Version: 1.0
Content-Transfer-Encoding: 7bit



To activate your profile, please follow this link:

http://localhost:57685/accounts/activate/fLyO860fL1kMMkvC2r48/

--===============1621283426961708105==
Content-Type: text/html; charset="utf-8"
MIME-Version: 1.0
Content-Transfer-Encoding: 7bit



<!DOCTYPE html PUBLIC "-//W3C//DTD XHTML 1.0 Transitional//EN"
        "http://www.w3.org/TR/xhtml1/DTD/xhtml1-transitional.dtd">
<html xmlns="http://www.w3.org/1999/xhtml">
<head>
    <meta http-equiv="Content-Type" content="text/html; charset=UTF-8"/>
    <title>Profile activation</title>
    <meta name="viewport" content="width=device-width, initial-scale=1.0"/>
</head>

<body>

<p>
    'Para activar siga este link:'
</p>

<p>
    <a href="http://localhost:57685/accounts/activate/fLyO860fL1kMMkvC2r48/">http://localhost:57685/accounts/activate/fLyO860fL1kMMkvC2r48/</a>
</p>

</body>

</html>

--===============1621283426961708105==--

-------------------------------------------------------------------------------
