Content-Type: multipart/alternative;
 boundary="===============3055985637215728147=="
MIME-Version: 1.0
Subject: Profile activation
From: test@example.com
To: maildos@gmail.com
Date: Fri, 28 May 2021 20:42:38 -0000
Message-ID: <162223455800.16552.10887979259605471637@DESKTOP-MDT7QF8>

--===============3055985637215728147==
Content-Type: text/plain; charset="utf-8"
MIME-Version: 1.0
Content-Transfer-Encoding: 7bit



To activate your profile, please follow this link:

http://localhost:54407/accounts/activate/Q4L3NrmxF3VK0RRUGAGf/

--===============3055985637215728147==
Content-Type: text/html; charset="utf-8"
MIME-Version: 1.0
Content-Transfer-Encoding: 7bit



<!DOCTYPE html PUBLIC "-//W3C//DTD XHTML 1.0 Transitional//EN"
        "http://www.w3.org/TR/xhtml1/DTD/xhtml1-transitional.dtd">
<html xmlns="http://www.w3.org/1999/xhtml">
<head>
    <meta http-equiv="Content-Type" content="text/html; charset=UTF-8"/>
    <title>Profile activation</title>
    <meta name="viewport" content="width=device-width, initial-scale=1.0"/>
</head>

<body>

<p>
    'Para activar siga este link:'
</p>

<p>
    <a href="http://localhost:54407/accounts/activate/Q4L3NrmxF3VK0RRUGAGf/">http://localhost:54407/accounts/activate/Q4L3NrmxF3VK0RRUGAGf/</a>
</p>

</body>

</html>

--===============3055985637215728147==--

-------------------------------------------------------------------------------
